<?xml version="1.0" encoding="UTF-8"?>
<!-- Generated by org.testng.reporters.JUnitXMLReporter -->
<testsuite hostname="DESKTOP-2NCSKNE" ignored="0" name="Default test" tests="3" failures="2" timestamp="2020-04-03T20:13:47 CEST" time="514.244" errors="0">
  <testcase name="registrationTest" time="177.59" classname="tests.RegistrationTest"/>
  <testcase name="registrationTestWithOnlyUserNameAndPassword" time="134.077" classname="tests.RegistrationTest">
    <failure type="java.lang.AssertionError" message="The following asserts failed:
	did not expect to find [true] but found [false],
	did not expect to find [true] but found [false],
	did not expect to find [true] but found [false],
	did not expect to find [true] but found [false],
	did not expect to find [true] but found [false],
	did not expect to find [true] but found [false],
	did not expect to find [true] but found [false],
	did not expect to find [true] but found [false],
	did not expect to find [true] but found [false],
	did not expect to find [true] but found [false],
	did not expect to find [true] but found [false],
	did not expect to find [true] but found [false],
	did not expect to find [true] but found [false],
	did not expect to find [true] but found [false],
	did not expect to find [true] but found [false],
	did not expect to find [true] but found [false],
	did not expect to find [true] but found [false],
	did not expect to find [true] but found [false],
	did not expect to find [true] but found [false],
	did not expect to find [true] but found [false],
	did not expect to find [true] but found [false],
	did not expect to find [true] but found [false],
	did not expect to find [true] but found [false],
	did not expect to find [true] but found [false],
	did not expect to find [true] but found [false],
	did not expect to find [true] but found [false],
	did not expect to find [true] but found [false],
	did not expect to find [true] but found [false],
	did not expect to find [true] but found [false],
	did not expect to find [true] but found [false],
	did not expect to find [true] but found [false],
	did not expect to find [true] but found [false],
	did not expect to find [true] but found [false],
	did not expect to find [true] but found [false],
	did not expect to find [true] but found [false],
	did not expect to find [true] but found [false],
	did not expect to find [true] but found [false],
	did not expect to find [true] but found [false],
	did not expect to find [true] but found [false],
	did not expect to find [true] but found [false],
	did not expect to find [true] but found [false],
	did not expect to find [true] but found [false],
	did not expect to find [true] but found [false],
	did not expect to find [true] but found [false],
	did not expect to find [true] but found [false],
	did not expect to find [true] but found [false],
	did not expect to find [true] but found [false],
	did not expect to find [true] but found [false],
	did not expect to find [true] but found [false],
	did not expect to find [true] but found [false]">
      <![CDATA[java.lang.AssertionError: The following asserts failed:
did not expect to find [true] but found [false],
did not expect to find [true] but found [false],
did not expect to find [true] but found [false],
did not expect to find [true] but found [false],
did not expect to find [true] but found [false],
did not expect to find [true] but found [false],
did not expect to find [true] but found [false],
did not expect to find [true] but found [false],
did not expect to find [true] but found [false],
did not expect to find [true] but found [false],
did not expect to find [true] but found [false],
did not expect to find [true] but found [false],
did not expect to find [true] but found [false],
did not expect to find [true] but found [false],
did not expect to find [true] but found [false],
did not expect to find [true] but found [false],
did not expect to find [true] but found [false],
did not expect to find [true] but found [false],
did not expect to find [true] but found [false],
did not expect to find [true] but found [false],
did not expect to find [true] but found [false],
did not expect to find [true] but found [false],
did not expect to find [true] but found [false],
did not expect to find [true] but found [false],
did not expect to find [true] but found [false],
did not expect to find [true] but found [false],
did not expect to find [true] but found [false],
did not expect to find [true] but found [false],
did not expect to find [true] but found [false],
did not expect to find [true] but found [false],
did not expect to find [true] but found [false],
did not expect to find [true] but found [false],
did not expect to find [true] but found [false],
did not expect to find [true] but found [false],
did not expect to find [true] but found [false],
did not expect to find [true] but found [false],
did not expect to find [true] but found [false],
did not expect to find [true] but found [false],
did not expect to find [true] but found [false],
did not expect to find [true] but found [false],
did not expect to find [true] but found [false],
did not expect to find [true] but found [false],
did not expect to find [true] but found [false],
did not expect to find [true] but found [false],
did not expect to find [true] but found [false],
did not expect to find [true] but found [false],
did not expect to find [true] but found [false],
did not expect to find [true] but found [false],
did not expect to find [true] but found [false],
did not expect to find [true] but found [false]
at org.testng.asserts.SoftAssert.assertAll(SoftAssert.java:47)
at org.testng.asserts.SoftAssert.assertAll(SoftAssert.java:31)
at tests.RegistrationTest.registrationTestWithOnlyUserNameAndPassword(RegistrationTest.java:147)
at sun.reflect.NativeMethodAccessorImpl.invoke0(Native Method)
at sun.reflect.NativeMethodAccessorImpl.invoke(Unknown Source)
at sun.reflect.DelegatingMethodAccessorImpl.invoke(Unknown Source)
at java.lang.reflect.Method.invoke(Unknown Source)
at org.testng.internal.MethodInvocationHelper.invokeMethod(MethodInvocationHelper.java:133)
at org.testng.internal.TestInvoker.invokeMethod(TestInvoker.java:584)
at org.testng.internal.TestInvoker.invokeTestMethod(TestInvoker.java:172)
at org.testng.internal.MethodRunner.runInSequence(MethodRunner.java:46)
at org.testng.internal.TestInvoker$MethodInvocationAgent.invoke(TestInvoker.java:804)
at org.testng.internal.TestInvoker.invokeTestMethods(TestInvoker.java:145)
at org.testng.internal.TestMethodWorker.invokeTestMethods(TestMethodWorker.java:146)
at org.testng.internal.TestMethodWorker.run(TestMethodWorker.java:128)
at java.util.ArrayList.forEach(Unknown Source)
at org.testng.TestRunner.privateRun(TestRunner.java:770)
at org.testng.TestRunner.run(TestRunner.java:591)
at org.testng.SuiteRunner.runTest(SuiteRunner.java:402)
at org.testng.SuiteRunner.runSequentially(SuiteRunner.java:396)
at org.testng.SuiteRunner.privateRun(SuiteRunner.java:355)
at org.testng.SuiteRunner.run(SuiteRunner.java:304)
at org.testng.SuiteRunnerWorker.runSuite(SuiteRunnerWorker.java:53)
at org.testng.SuiteRunnerWorker.run(SuiteRunnerWorker.java:96)
at org.testng.TestNG.runSuitesSequentially(TestNG.java:1180)
at org.testng.TestNG.runSuitesLocally(TestNG.java:1102)
at org.testng.TestNG.runSuites(TestNG.java:1032)
at org.testng.TestNG.run(TestNG.java:1000)
at org.testng.remote.AbstractRemoteTestNG.run(AbstractRemoteTestNG.java:115)
at org.testng.remote.RemoteTestNG.initAndRun(RemoteTestNG.java:251)
at org.testng.remote.RemoteTestNG.main(RemoteTestNG.java:77)
]]>
    </failure>
  </testcase> <!-- registrationTestWithOnlyUserNameAndPassword -->
  <testcase name="registrationTestWithoutUserName" time="197.544" classname="tests.RegistrationTest">
    <failure type="java.lang.AssertionError" message="The following asserts failed:
	did not expect to find [true] but found [false],
	did not expect to find [true] but found [false],
	did not expect to find [true] but found [false],
	did not expect to find [true] but found [false],
	did not expect to find [true] but found [false],
	did not expect to find [true] but found [false],
	did not expect to find [true] but found [false],
	did not expect to find [true] but found [false],
	did not expect to find [true] but found [false],
	did not expect to find [true] but found [false],
	did not expect to find [true] but found [false],
	did not expect to find [true] but found [false],
	did not expect to find [true] but found [false],
	did not expect to find [true] but found [false],
	did not expect to find [true] but found [false],
	did not expect to find [true] but found [false],
	did not expect to find [true] but found [false],
	did not expect to find [true] but found [false],
	did not expect to find [true] but found [false],
	did not expect to find [true] but found [false],
	did not expect to find [true] but found [false],
	did not expect to find [true] but found [false],
	did not expect to find [true] but found [false],
	did not expect to find [true] but found [false],
	did not expect to find [true] but found [false],
	did not expect to find [true] but found [false],
	did not expect to find [true] but found [false],
	did not expect to find [true] but found [false],
	did not expect to find [true] but found [false],
	did not expect to find [true] but found [false],
	did not expect to find [true] but found [false],
	did not expect to find [true] but found [false],
	did not expect to find [true] but found [false],
	did not expect to find [true] but found [false],
	did not expect to find [true] but found [false],
	did not expect to find [true] but found [false],
	did not expect to find [true] but found [false],
	did not expect to find [true] but found [false],
	did not expect to find [true] but found [false],
	did not expect to find [true] but found [false],
	did not expect to find [true] but found [false],
	did not expect to find [true] but found [false],
	did not expect to find [true] but found [false],
	did not expect to find [true] but found [false],
	did not expect to find [true] but found [false],
	did not expect to find [true] but found [false],
	did not expect to find [true] but found [false],
	did not expect to find [true] but found [false],
	did not expect to find [true] but found [false],
	did not expect to find [true] but found [false],
	did not expect to find [true] but found [false],
	did not expect to find [true] but found [false],
	did not expect to find [true] but found [false],
	did not expect to find [true] but found [false],
	did not expect to find [true] but found [false],
	did not expect to find [true] but found [false],
	did not expect to find [true] but found [false],
	did not expect to find [true] but found [false],
	did not expect to find [true] but found [false],
	did not expect to find [true] but found [false],
	did not expect to find [true] but found [false],
	did not expect to find [true] but found [false],
	did not expect to find [true] but found [false],
	did not expect to find [true] but found [false],
	did not expect to find [true] but found [false],
	did not expect to find [true] but found [false],
	did not expect to find [true] but found [false],
	did not expect to find [true] but found [false],
	did not expect to find [true] but found [false],
	did not expect to find [true] but found [false],
	did not expect to find [true] but found [false],
	did not expect to find [true] but found [false],
	did not expect to find [true] but found [false],
	did not expect to find [true] but found [false],
	did not expect to find [true] but found [false],
	did not expect to find [true] but found [false],
	did not expect to find [true] but found [false],
	did not expect to find [true] but found [false],
	did not expect to find [true] but found [false],
	did not expect to find [true] but found [false],
	did not expect to find [true] but found [false],
	did not expect to find [true] but found [false],
	did not expect to find [true] but found [false],
	did not expect to find [true] but found [false],
	did not expect to find [true] but found [false],
	did not expect to find [true] but found [false],
	did not expect to find [true] but found [false],
	did not expect to find [true] but found [false],
	did not expect to find [true] but found [false],
	did not expect to find [true] but found [false],
	did not expect to find [true] but found [false],
	did not expect to find [true] but found [false],
	did not expect to find [true] but found [false],
	did not expect to find [true] but found [false],
	did not expect to find [true] but found [false],
	did not expect to find [true] but found [false],
	did not expect to find [true] but found [false],
	did not expect to find [true] but found [false],
	did not expect to find [true] but found [false],
	did not expect to find [true] but found [false]">
      <![CDATA[java.lang.AssertionError: The following asserts failed:
did not expect to find [true] but found [false],
did not expect to find [true] but found [false],
did not expect to find [true] but found [false],
did not expect to find [true] but found [false],
did not expect to find [true] but found [false],
did not expect to find [true] but found [false],
did not expect to find [true] but found [false],
did not expect to find [true] but found [false],
did not expect to find [true] but found [false],
did not expect to find [true] but found [false],
did not expect to find [true] but found [false],
did not expect to find [true] but found [false],
did not expect to find [true] but found [false],
did not expect to find [true] but found [false],
did not expect to find [true] but found [false],
did not expect to find [true] but found [false],
did not expect to find [true] but found [false],
did not expect to find [true] but found [false],
did not expect to find [true] but found [false],
did not expect to find [true] but found [false],
did not expect to find [true] but found [false],
did not expect to find [true] but found [false],
did not expect to find [true] but found [false],
did not expect to find [true] but found [false],
did not expect to find [true] but found [false],
did not expect to find [true] but found [false],
did not expect to find [true] but found [false],
did not expect to find [true] but found [false],
did not expect to find [true] but found [false],
did not expect to find [true] but found [false],
did not expect to find [true] but found [false],
did not expect to find [true] but found [false],
did not expect to find [true] but found [false],
did not expect to find [true] but found [false],
did not expect to find [true] but found [false],
did not expect to find [true] but found [false],
did not expect to find [true] but found [false],
did not expect to find [true] but found [false],
did not expect to find [true] but found [false],
did not expect to find [true] but found [false],
did not expect to find [true] but found [false],
did not expect to find [true] but found [false],
did not expect to find [true] but found [false],
did not expect to find [true] but found [false],
did not expect to find [true] but found [false],
did not expect to find [true] but found [false],
did not expect to find [true] but found [false],
did not expect to find [true] but found [false],
did not expect to find [true] but found [false],
did not expect to find [true] but found [false],
did not expect to find [true] but found [false],
did not expect to find [true] but found [false],
did not expect to find [true] but found [false],
did not expect to find [true] but found [false],
did not expect to find [true] but found [false],
did not expect to find [true] but found [false],
did not expect to find [true] but found [false],
did not expect to find [true] but found [false],
did not expect to find [true] but found [false],
did not expect to find [true] but found [false],
did not expect to find [true] but found [false],
did not expect to find [true] but found [false],
did not expect to find [true] but found [false],
did not expect to find [true] but found [false],
did not expect to find [true] but found [false],
did not expect to find [true] but found [false],
did not expect to find [true] but found [false],
did not expect to find [true] but found [false],
did not expect to find [true] but found [false],
did not expect to find [true] but found [false],
did not expect to find [true] but found [false],
did not expect to find [true] but found [false],
did not expect to find [true] but found [false],
did not expect to find [true] but found [false],
did not expect to find [true] but found [false],
did not expect to find [true] but found [false],
did not expect to find [true] but found [false],
did not expect to find [true] but found [false],
did not expect to find [true] but found [false],
did not expect to find [true] but found [false],
did not expect to find [true] but found [false],
did not expect to find [true] but found [false],
did not expect to find [true] but found [false],
did not expect to find [true] but found [false],
did not expect to find [true] but found [false],
did not expect to find [true] but found [false],
did not expect to find [true] but found [false],
did not expect to find [true] but found [false],
did not expect to find [true] but found [false],
did not expect to find [true] but found [false],
did not expect to find [true] but found [false],
did not expect to find [true] but found [false],
did not expect to find [true] but found [false],
did not expect to find [true] but found [false],
did not expect to find [true] but found [false],
did not expect to find [true] but found [false],
did not expect to find [true] but found [false],
did not expect to find [true] but found [false],
did not expect to find [true] but found [false],
did not expect to find [true] but found [false]
at org.testng.asserts.SoftAssert.assertAll(SoftAssert.java:47)
at org.testng.asserts.SoftAssert.assertAll(SoftAssert.java:31)
at tests.RegistrationTest.registrationTestWithoutUserName(RegistrationTest.java:103)
at sun.reflect.NativeMethodAccessorImpl.invoke0(Native Method)
at sun.reflect.NativeMethodAccessorImpl.invoke(Unknown Source)
at sun.reflect.DelegatingMethodAccessorImpl.invoke(Unknown Source)
at java.lang.reflect.Method.invoke(Unknown Source)
at org.testng.internal.MethodInvocationHelper.invokeMethod(MethodInvocationHelper.java:133)
at org.testng.internal.TestInvoker.invokeMethod(TestInvoker.java:584)
at org.testng.internal.TestInvoker.invokeTestMethod(TestInvoker.java:172)
at org.testng.internal.MethodRunner.runInSequence(MethodRunner.java:46)
at org.testng.internal.TestInvoker$MethodInvocationAgent.invoke(TestInvoker.java:804)
at org.testng.internal.TestInvoker.invokeTestMethods(TestInvoker.java:145)
at org.testng.internal.TestMethodWorker.invokeTestMethods(TestMethodWorker.java:146)
at org.testng.internal.TestMethodWorker.run(TestMethodWorker.java:128)
at java.util.ArrayList.forEach(Unknown Source)
at org.testng.TestRunner.privateRun(TestRunner.java:770)
at org.testng.TestRunner.run(TestRunner.java:591)
at org.testng.SuiteRunner.runTest(SuiteRunner.java:402)
at org.testng.SuiteRunner.runSequentially(SuiteRunner.java:396)
at org.testng.SuiteRunner.privateRun(SuiteRunner.java:355)
at org.testng.SuiteRunner.run(SuiteRunner.java:304)
at org.testng.SuiteRunnerWorker.runSuite(SuiteRunnerWorker.java:53)
at org.testng.SuiteRunnerWorker.run(SuiteRunnerWorker.java:96)
at org.testng.TestNG.runSuitesSequentially(TestNG.java:1180)
at org.testng.TestNG.runSuitesLocally(TestNG.java:1102)
at org.testng.TestNG.runSuites(TestNG.java:1032)
at org.testng.TestNG.run(TestNG.java:1000)
at org.testng.remote.AbstractRemoteTestNG.run(AbstractRemoteTestNG.java:115)
at org.testng.remote.RemoteTestNG.initAndRun(RemoteTestNG.java:251)
at org.testng.remote.RemoteTestNG.main(RemoteTestNG.java:77)
]]>
    </failure>
  </testcase> <!-- registrationTestWithoutUserName -->
</testsuite> <!-- Default test -->
