<?xml version="1.0" encoding="UTF-8"?>
<testng-results skipped="0" failed="2" ignored="0" total="3" passed="1">
  <reporter-output>
  </reporter-output>
  <suite name="Default suite" duration-ms="514244" started-at="2020-04-03T20:05:13 CEST" finished-at="2020-04-03T20:13:47 CEST">
    <groups>
    </groups>
    <test name="Default test" duration-ms="514244" started-at="2020-04-03T20:05:13 CEST" finished-at="2020-04-03T20:13:47 CEST">
      <class name="tests.RegistrationTest">
        <test-method status="PASS" signature="setup()[pri:0, instance:tests.RegistrationTest@3b084709]" name="setup" is-config="true" duration-ms="4948" started-at="2020-04-03T20:05:13 CEST" finished-at="2020-04-03T20:05:18 CEST">
          <reporter-output>
          </reporter-output>
        </test-method> <!-- setup -->
        <test-method status="PASS" signature="registrationTest()[pri:0, instance:tests.RegistrationTest@3b084709]" name="registrationTest" duration-ms="177590" started-at="2020-04-03T20:05:18 CEST" finished-at="2020-04-03T20:08:15 CEST">
          <reporter-output>
          </reporter-output>
        </test-method> <!-- registrationTest -->
        <test-method status="FAIL" signature="registrationTestWithOnlyUserNameAndPassword()[pri:0, instance:tests.RegistrationTest@3b084709]" name="registrationTestWithOnlyUserNameAndPassword" duration-ms="134077" started-at="2020-04-03T20:08:15 CEST" finished-at="2020-04-03T20:10:29 CEST">
          <exception class="java.lang.AssertionError">
            <message>
              <![CDATA[The following asserts failed:
did not expect to find [true] but found [false],
did not expect to find [true] but found [false],
did not expect to find [true] but found [false],
did not expect to find [true] but found [false],
did not expect to find [true] but found [false],
did not expect to find [true] but found [false],
did not expect to find [true] but found [false],
did not expect to find [true] but found [false],
did not expect to find [true] but found [false],
did not expect to find [true] but found [false],
did not expect to find [true] but found [false],
did not expect to find [true] but found [false],
did not expect to find [true] but found [false],
did not expect to find [true] but found [false],
did not expect to find [true] but found [false],
did not expect to find [true] but found [false],
did not expect to find [true] but found [false],
did not expect to find [true] but found [false],
did not expect to find [true] but found [false],
did not expect to find [true] but found [false],
did not expect to find [true] but found [false],
did not expect to find [true] but found [false],
did not expect to find [true] but found [false],
did not expect to find [true] but found [false],
did not expect to find [true] but found [false],
did not expect to find [true] but found [false],
did not expect to find [true] but found [false],
did not expect to find [true] but found [false],
did not expect to find [true] but found [false],
did not expect to find [true] but found [false],
did not expect to find [true] but found [false],
did not expect to find [true] but found [false],
did not expect to find [true] but found [false],
did not expect to find [true] but found [false],
did not expect to find [true] but found [false],
did not expect to find [true] but found [false],
did not expect to find [true] but found [false],
did not expect to find [true] but found [false],
did not expect to find [true] but found [false],
did not expect to find [true] but found [false],
did not expect to find [true] but found [false],
did not expect to find [true] but found [false],
did not expect to find [true] but found [false],
did not expect to find [true] but found [false],
did not expect to find [true] but found [false],
did not expect to find [true] but found [false],
did not expect to find [true] but found [false],
did not expect to find [true] but found [false],
did not expect to find [true] but found [false],
did not expect to find [true] but found [false]]]>
            </message>
            <full-stacktrace>
              <![CDATA[java.lang.AssertionError: The following asserts failed:
did not expect to find [true] but found [false],
did not expect to find [true] but found [false],
did not expect to find [true] but found [false],
did not expect to find [true] but found [false],
did not expect to find [true] but found [false],
did not expect to find [true] but found [false],
did not expect to find [true] but found [false],
did not expect to find [true] but found [false],
did not expect to find [true] but found [false],
did not expect to find [true] but found [false],
did not expect to find [true] but found [false],
did not expect to find [true] but found [false],
did not expect to find [true] but found [false],
did not expect to find [true] but found [false],
did not expect to find [true] but found [false],
did not expect to find [true] but found [false],
did not expect to find [true] but found [false],
did not expect to find [true] but found [false],
did not expect to find [true] but found [false],
did not expect to find [true] but found [false],
did not expect to find [true] but found [false],
did not expect to find [true] but found [false],
did not expect to find [true] but found [false],
did not expect to find [true] but found [false],
did not expect to find [true] but found [false],
did not expect to find [true] but found [false],
did not expect to find [true] but found [false],
did not expect to find [true] but found [false],
did not expect to find [true] but found [false],
did not expect to find [true] but found [false],
did not expect to find [true] but found [false],
did not expect to find [true] but found [false],
did not expect to find [true] but found [false],
did not expect to find [true] but found [false],
did not expect to find [true] but found [false],
did not expect to find [true] but found [false],
did not expect to find [true] but found [false],
did not expect to find [true] but found [false],
did not expect to find [true] but found [false],
did not expect to find [true] but found [false],
did not expect to find [true] but found [false],
did not expect to find [true] but found [false],
did not expect to find [true] but found [false],
did not expect to find [true] but found [false],
did not expect to find [true] but found [false],
did not expect to find [true] but found [false],
did not expect to find [true] but found [false],
did not expect to find [true] but found [false],
did not expect to find [true] but found [false],
did not expect to find [true] but found [false]
at org.testng.asserts.SoftAssert.assertAll(SoftAssert.java:47)
at org.testng.asserts.SoftAssert.assertAll(SoftAssert.java:31)
at tests.RegistrationTest.registrationTestWithOnlyUserNameAndPassword(RegistrationTest.java:147)
at sun.reflect.NativeMethodAccessorImpl.invoke0(Native Method)
at sun.reflect.NativeMethodAccessorImpl.invoke(Unknown Source)
at sun.reflect.DelegatingMethodAccessorImpl.invoke(Unknown Source)
at java.lang.reflect.Method.invoke(Unknown Source)
at org.testng.internal.MethodInvocationHelper.invokeMethod(MethodInvocationHelper.java:133)
at org.testng.internal.TestInvoker.invokeMethod(TestInvoker.java:584)
at org.testng.internal.TestInvoker.invokeTestMethod(TestInvoker.java:172)
at org.testng.internal.MethodRunner.runInSequence(MethodRunner.java:46)
at org.testng.internal.TestInvoker$MethodInvocationAgent.invoke(TestInvoker.java:804)
at org.testng.internal.TestInvoker.invokeTestMethods(TestInvoker.java:145)
at org.testng.internal.TestMethodWorker.invokeTestMethods(TestMethodWorker.java:146)
at org.testng.internal.TestMethodWorker.run(TestMethodWorker.java:128)
at java.util.ArrayList.forEach(Unknown Source)
at org.testng.TestRunner.privateRun(TestRunner.java:770)
at org.testng.TestRunner.run(TestRunner.java:591)
at org.testng.SuiteRunner.runTest(SuiteRunner.java:402)
at org.testng.SuiteRunner.runSequentially(SuiteRunner.java:396)
at org.testng.SuiteRunner.privateRun(SuiteRunner.java:355)
at org.testng.SuiteRunner.run(SuiteRunner.java:304)
at org.testng.SuiteRunnerWorker.runSuite(SuiteRunnerWorker.java:53)
at org.testng.SuiteRunnerWorker.run(SuiteRunnerWorker.java:96)
at org.testng.TestNG.runSuitesSequentially(TestNG.java:1180)
at org.testng.TestNG.runSuitesLocally(TestNG.java:1102)
at org.testng.TestNG.runSuites(TestNG.java:1032)
at org.testng.TestNG.run(TestNG.java:1000)
at org.testng.remote.AbstractRemoteTestNG.run(AbstractRemoteTestNG.java:115)
at org.testng.remote.RemoteTestNG.initAndRun(RemoteTestNG.java:251)
at org.testng.remote.RemoteTestNG.main(RemoteTestNG.java:77)
]]>
            </full-stacktrace>
          </exception> <!-- java.lang.AssertionError -->
          <reporter-output>
          </reporter-output>
        </test-method> <!-- registrationTestWithOnlyUserNameAndPassword -->
        <test-method status="FAIL" signature="registrationTestWithoutUserName()[pri:0, instance:tests.RegistrationTest@3b084709]" name="registrationTestWithoutUserName" duration-ms="197544" started-at="2020-04-03T20:10:29 CEST" finished-at="2020-04-03T20:13:47 CEST">
          <exception class="java.lang.AssertionError">
            <message>
              <![CDATA[The following asserts failed:
did not expect to find [true] but found [false],
did not expect to find [true] but found [false],
did not expect to find [true] but found [false],
did not expect to find [true] but found [false],
did not expect to find [true] but found [false],
did not expect to find [true] but found [false],
did not expect to find [true] but found [false],
did not expect to find [true] but found [false],
did not expect to find [true] but found [false],
did not expect to find [true] but found [false],
did not expect to find [true] but found [false],
did not expect to find [true] but found [false],
did not expect to find [true] but found [false],
did not expect to find [true] but found [false],
did not expect to find [true] but found [false],
did not expect to find [true] but found [false],
did not expect to find [true] but found [false],
did not expect to find [true] but found [false],
did not expect to find [true] but found [false],
did not expect to find [true] but found [false],
did not expect to find [true] but found [false],
did not expect to find [true] but found [false],
did not expect to find [true] but found [false],
did not expect to find [true] but found [false],
did not expect to find [true] but found [false],
did not expect to find [true] but found [false],
did not expect to find [true] but found [false],
did not expect to find [true] but found [false],
did not expect to find [true] but found [false],
did not expect to find [true] but found [false],
did not expect to find [true] but found [false],
did not expect to find [true] but found [false],
did not expect to find [true] but found [false],
did not expect to find [true] but found [false],
did not expect to find [true] but found [false],
did not expect to find [true] but found [false],
did not expect to find [true] but found [false],
did not expect to find [true] but found [false],
did not expect to find [true] but found [false],
did not expect to find [true] but found [false],
did not expect to find [true] but found [false],
did not expect to find [true] but found [false],
did not expect to find [true] but found [false],
did not expect to find [true] but found [false],
did not expect to find [true] but found [false],
did not expect to find [true] but found [false],
did not expect to find [true] but found [false],
did not expect to find [true] but found [false],
did not expect to find [true] but found [false],
did not expect to find [true] but found [false],
did not expect to find [true] but found [false],
did not expect to find [true] but found [false],
did not expect to find [true] but found [false],
did not expect to find [true] but found [false],
did not expect to find [true] but found [false],
did not expect to find [true] but found [false],
did not expect to find [true] but found [false],
did not expect to find [true] but found [false],
did not expect to find [true] but found [false],
did not expect to find [true] but found [false],
did not expect to find [true] but found [false],
did not expect to find [true] but found [false],
did not expect to find [true] but found [false],
did not expect to find [true] but found [false],
did not expect to find [true] but found [false],
did not expect to find [true] but found [false],
did not expect to find [true] but found [false],
did not expect to find [true] but found [false],
did not expect to find [true] but found [false],
did not expect to find [true] but found [false],
did not expect to find [true] but found [false],
did not expect to find [true] but found [false],
did not expect to find [true] but found [false],
did not expect to find [true] but found [false],
did not expect to find [true] but found [false],
did not expect to find [true] but found [false],
did not expect to find [true] but found [false],
did not expect to find [true] but found [false],
did not expect to find [true] but found [false],
did not expect to find [true] but found [false],
did not expect to find [true] but found [false],
did not expect to find [true] but found [false],
did not expect to find [true] but found [false],
did not expect to find [true] but found [false],
did not expect to find [true] but found [false],
did not expect to find [true] but found [false],
did not expect to find [true] but found [false],
did not expect to find [true] but found [false],
did not expect to find [true] but found [false],
did not expect to find [true] but found [false],
did not expect to find [true] but found [false],
did not expect to find [true] but found [false],
did not expect to find [true] but found [false],
did not expect to find [true] but found [false],
did not expect to find [true] but found [false],
did not expect to find [true] but found [false],
did not expect to find [true] but found [false],
did not expect to find [true] but found [false],
did not expect to find [true] but found [false],
did not expect to find [true] but found [false]]]>
            </message>
            <full-stacktrace>
              <![CDATA[java.lang.AssertionError: The following asserts failed:
did not expect to find [true] but found [false],
did not expect to find [true] but found [false],
did not expect to find [true] but found [false],
did not expect to find [true] but found [false],
did not expect to find [true] but found [false],
did not expect to find [true] but found [false],
did not expect to find [true] but found [false],
did not expect to find [true] but found [false],
did not expect to find [true] but found [false],
did not expect to find [true] but found [false],
did not expect to find [true] but found [false],
did not expect to find [true] but found [false],
did not expect to find [true] but found [false],
did not expect to find [true] but found [false],
did not expect to find [true] but found [false],
did not expect to find [true] but found [false],
did not expect to find [true] but found [false],
did not expect to find [true] but found [false],
did not expect to find [true] but found [false],
did not expect to find [true] but found [false],
did not expect to find [true] but found [false],
did not expect to find [true] but found [false],
did not expect to find [true] but found [false],
did not expect to find [true] but found [false],
did not expect to find [true] but found [false],
did not expect to find [true] but found [false],
did not expect to find [true] but found [false],
did not expect to find [true] but found [false],
did not expect to find [true] but found [false],
did not expect to find [true] but found [false],
did not expect to find [true] but found [false],
did not expect to find [true] but found [false],
did not expect to find [true] but found [false],
did not expect to find [true] but found [false],
did not expect to find [true] but found [false],
did not expect to find [true] but found [false],
did not expect to find [true] but found [false],
did not expect to find [true] but found [false],
did not expect to find [true] but found [false],
did not expect to find [true] but found [false],
did not expect to find [true] but found [false],
did not expect to find [true] but found [false],
did not expect to find [true] but found [false],
did not expect to find [true] but found [false],
did not expect to find [true] but found [false],
did not expect to find [true] but found [false],
did not expect to find [true] but found [false],
did not expect to find [true] but found [false],
did not expect to find [true] but found [false],
did not expect to find [true] but found [false],
did not expect to find [true] but found [false],
did not expect to find [true] but found [false],
did not expect to find [true] but found [false],
did not expect to find [true] but found [false],
did not expect to find [true] but found [false],
did not expect to find [true] but found [false],
did not expect to find [true] but found [false],
did not expect to find [true] but found [false],
did not expect to find [true] but found [false],
did not expect to find [true] but found [false],
did not expect to find [true] but found [false],
did not expect to find [true] but found [false],
did not expect to find [true] but found [false],
did not expect to find [true] but found [false],
did not expect to find [true] but found [false],
did not expect to find [true] but found [false],
did not expect to find [true] but found [false],
did not expect to find [true] but found [false],
did not expect to find [true] but found [false],
did not expect to find [true] but found [false],
did not expect to find [true] but found [false],
did not expect to find [true] but found [false],
did not expect to find [true] but found [false],
did not expect to find [true] but found [false],
did not expect to find [true] but found [false],
did not expect to find [true] but found [false],
did not expect to find [true] but found [false],
did not expect to find [true] but found [false],
did not expect to find [true] but found [false],
did not expect to find [true] but found [false],
did not expect to find [true] but found [false],
did not expect to find [true] but found [false],
did not expect to find [true] but found [false],
did not expect to find [true] but found [false],
did not expect to find [true] but found [false],
did not expect to find [true] but found [false],
did not expect to find [true] but found [false],
did not expect to find [true] but found [false],
did not expect to find [true] but found [false],
did not expect to find [true] but found [false],
did not expect to find [true] but found [false],
did not expect to find [true] but found [false],
did not expect to find [true] but found [false],
did not expect to find [true] but found [false],
did not expect to find [true] but found [false],
did not expect to find [true] but found [false],
did not expect to find [true] but found [false],
did not expect to find [true] but found [false],
did not expect to find [true] but found [false],
did not expect to find [true] but found [false]
at org.testng.asserts.SoftAssert.assertAll(SoftAssert.java:47)
at org.testng.asserts.SoftAssert.assertAll(SoftAssert.java:31)
at tests.RegistrationTest.registrationTestWithoutUserName(RegistrationTest.java:103)
at sun.reflect.NativeMethodAccessorImpl.invoke0(Native Method)
at sun.reflect.NativeMethodAccessorImpl.invoke(Unknown Source)
at sun.reflect.DelegatingMethodAccessorImpl.invoke(Unknown Source)
at java.lang.reflect.Method.invoke(Unknown Source)
at org.testng.internal.MethodInvocationHelper.invokeMethod(MethodInvocationHelper.java:133)
at org.testng.internal.TestInvoker.invokeMethod(TestInvoker.java:584)
at org.testng.internal.TestInvoker.invokeTestMethod(TestInvoker.java:172)
at org.testng.internal.MethodRunner.runInSequence(MethodRunner.java:46)
at org.testng.internal.TestInvoker$MethodInvocationAgent.invoke(TestInvoker.java:804)
at org.testng.internal.TestInvoker.invokeTestMethods(TestInvoker.java:145)
at org.testng.internal.TestMethodWorker.invokeTestMethods(TestMethodWorker.java:146)
at org.testng.internal.TestMethodWorker.run(TestMethodWorker.java:128)
at java.util.ArrayList.forEach(Unknown Source)
at org.testng.TestRunner.privateRun(TestRunner.java:770)
at org.testng.TestRunner.run(TestRunner.java:591)
at org.testng.SuiteRunner.runTest(SuiteRunner.java:402)
at org.testng.SuiteRunner.runSequentially(SuiteRunner.java:396)
at org.testng.SuiteRunner.privateRun(SuiteRunner.java:355)
at org.testng.SuiteRunner.run(SuiteRunner.java:304)
at org.testng.SuiteRunnerWorker.runSuite(SuiteRunnerWorker.java:53)
at org.testng.SuiteRunnerWorker.run(SuiteRunnerWorker.java:96)
at org.testng.TestNG.runSuitesSequentially(TestNG.java:1180)
at org.testng.TestNG.runSuitesLocally(TestNG.java:1102)
at org.testng.TestNG.runSuites(TestNG.java:1032)
at org.testng.TestNG.run(TestNG.java:1000)
at org.testng.remote.AbstractRemoteTestNG.run(AbstractRemoteTestNG.java:115)
at org.testng.remote.RemoteTestNG.initAndRun(RemoteTestNG.java:251)
at org.testng.remote.RemoteTestNG.main(RemoteTestNG.java:77)
]]>
            </full-stacktrace>
          </exception> <!-- java.lang.AssertionError -->
          <reporter-output>
          </reporter-output>
        </test-method> <!-- registrationTestWithoutUserName -->
        <test-method status="PASS" signature="afterClass()[pri:0, instance:tests.RegistrationTest@3b084709]" name="afterClass" is-config="true" duration-ms="1" started-at="2020-04-03T20:13:47 CEST" finished-at="2020-04-03T20:13:47 CEST">
          <reporter-output>
          </reporter-output>
        </test-method> <!-- afterClass -->
      </class> <!-- tests.RegistrationTest -->
    </test> <!-- Default test -->
  </suite> <!-- Default suite -->
</testng-results>
